checking package dependencies
compiling ../../scemi/ResetXactor.bsv
compiling ../../src/Types.bsv
compiling ../../src/MemTypes.bsv
compiling ../../src/ProcTypes.bsv
compiling ../../src/Decode.bsv
code generation for module_decode starts
Elaborated module file created: bdir_dut/module_decode.ba
compiling ../../src/Exec.bsv
code generation for module_alu starts
Elaborated module file created: bdir_dut/module_alu.ba
code generation for module_aluBr starts
Elaborated module file created: bdir_dut/module_aluBr.ba
code generation for module_brAddrCalc starts
Elaborated module file created: bdir_dut/module_brAddrCalc.ba
code generation for module_exec starts
Elaborated module file created: bdir_dut/module_exec.ba
compiling ../../src/Ehr.bsv
compiling ../../src/RFile.bsv
code generation for mkRFile starts
Elaborated module file created: bdir_dut/mkRFile.ba
compiling ../../src/Fifo.bsv
compiling ../../src/Cop.bsv
code generation for mkCop starts
Warning: "../../src/Cop.bsv", line 30, column 8: (G0117)
  Rule `start' shadows the effects of `count' when they execute in the same
  clock cycle. Affected method calls:
    cycles.write
  To silence this warning, use the `-no-warn-action-shadowing' flag.
Elaborated module file created: bdir_dut/mkCop.ba
compiling ../../src/MemInit.bsv
compiling ../../src/IMemory.bsv
code generation for mkIMemory starts
Elaborated module file created: bdir_dut/mkIMemory.ba
compiling ../../src/DMemory.bsv
code generation for mkDMemory starts
Elaborated module file created: bdir_dut/mkDMemory.ba
compiling ../../src/Proc.bsv
code generation for mkProc starts
Elaborated module file created: bdir_dut/mkProc.ba
compiling ../../scemi/SceMiLayer.bsv
code generation for mkDutWrapper starts
Elaborated module file created: bdir_dut/mkDutWrapper.ba
compiling ../Bridge.bsv
code generation for mkBridge starts
Warning: "SceMiNoC.bsv", line 496, column 9: (G0043)
  Multiple reset signals influence rule
  `scemi_dut_dut_prb_control_data_out_detect_scemi_reset'.
  This can lead to inconsistent, non-atomic results when not all of these
  signals are asserted.
  Method calls by reset:
    Reset 1 (scemi_rstgen_final_reset.reset_out):
      scemi_dut_dut_prb_control_data_out_in_reset_uclk.read
    Reset 2 (scemi_dut_dut_prb_control_data_out_nocResetUClock.gen_rst):
      scemi_dut_dut_prb_control_data_out_starting_reset.send
  During elaboration of rule `detect_scemi_reset' at "SceMiNoC.bsv", line 496,
  column 9.
  During elaboration of `data_out' at "../SceMiSerialProbe.bsv", line 247,
  column 44.
  During elaboration of `prb_control' at "../SceMiSerialProbe.bsv", line 1753,
  column 8.
  During elaboration of `dut' at "../../scemi/ResetXactor.bsv", line 49,
  column 28.
  During elaboration of `dut' at "../../scemi/SceMiLayer.bsv", line 30, column
  18.
  During elaboration of `scemi' at
  "/home/cwz/CompArch/BSV/Bluespec-2014.07.A/lib/board_support/bluenoc/bridges/Bridge_TCP.bsv",
  line 7, column 10.
  During elaboration of `mkBridge' at
  "/home/cwz/CompArch/BSV/Bluespec-2014.07.A/lib/board_support/bluenoc/bridges/Bridge_TCP.bsv",
  line 5, column 8.
Warning: "SceMiNoC.bsv", line 501, column 9: (G0043)
  Multiple reset signals influence rule
  `scemi_dut_dut_prb_control_data_out_detect_end_of_scemi_reset'.
  This can lead to inconsistent, non-atomic results when not all of these
  signals are asserted.
  Method calls by reset:
    Reset 1 (scemi_rstgen_final_reset.reset_out):
      scemi_dut_dut_prb_control_data_out_in_reset_uclk.read
      scemi_dut_dut_prb_control_data_out_prev_reset_uclk.read
      scemi_dut_dut_prb_control_data_out_prev_reset_uclk.write
    Reset 2 (scemi_dut_dut_prb_control_data_out_nocResetUClock.gen_rst):
      scemi_dut_dut_prb_control_data_out_ending_reset.send
  During elaboration of rule `detect_end_of_scemi_reset' at "SceMiNoC.bsv",
  line 501, column 9.
  During elaboration of `data_out' at "../SceMiSerialProbe.bsv", line 247,
  column 44.
  During elaboration of `prb_control' at "../SceMiSerialProbe.bsv", line 1753,
  column 8.
  During elaboration of `dut' at "../../scemi/ResetXactor.bsv", line 49,
  column 28.
  During elaboration of `dut' at "../../scemi/SceMiLayer.bsv", line 30, column
  18.
  During elaboration of `scemi' at
  "/home/cwz/CompArch/BSV/Bluespec-2014.07.A/lib/board_support/bluenoc/bridges/Bridge_TCP.bsv",
  line 7, column 10.
  During elaboration of `mkBridge' at
  "/home/cwz/CompArch/BSV/Bluespec-2014.07.A/lib/board_support/bluenoc/bridges/Bridge_TCP.bsv",
  line 5, column 8.
Warning: "SceMiNoC.bsv", line 316, column 9: (G0043)
  Multiple reset signals influence rule
  `scemi_dut_dut_prb_control_control_in_detect_scemi_reset'.
  This can lead to inconsistent, non-atomic results when not all of these
  signals are asserted.
  Method calls by reset:
    Reset 1 (scemi_rstgen_final_reset.reset_out):
      scemi_dut_dut_prb_control_control_in_in_reset_uclk.read
    Reset 2 (scemi_dut_dut_prb_control_control_in_nocResetUClock.gen_rst):
      scemi_dut_dut_prb_control_control_in_starting_reset.send
  During elaboration of rule `detect_scemi_reset' at "SceMiNoC.bsv", line 316,
  column 9.
  During elaboration of `control_in' at "../SceMiSerialProbe.bsv", line 248,
  column 42.
  During elaboration of `prb_control' at "../SceMiSerialProbe.bsv", line 1753,
  column 8.
  During elaboration of `dut' at "../../scemi/ResetXactor.bsv", line 49,
  column 28.
  During elaboration of `dut' at "../../scemi/SceMiLayer.bsv", line 30, column
  18.
  During elaboration of `scemi' at
  "/home/cwz/CompArch/BSV/Bluespec-2014.07.A/lib/board_support/bluenoc/bridges/Bridge_TCP.bsv",
  line 7, column 10.
  During elaboration of `mkBridge' at
  "/home/cwz/CompArch/BSV/Bluespec-2014.07.A/lib/board_support/bluenoc/bridges/Bridge_TCP.bsv",
  line 5, column 8.
Warning: "SceMiNoC.bsv", line 321, column 9: (G0043)
  Multiple reset signals influence rule
  `scemi_dut_dut_prb_control_control_in_detect_end_of_scemi_reset'.
  This can lead to inconsistent, non-atomic results when not all of these
  signals are asserted.
  Method calls by reset:
    Reset 1 (scemi_rstgen_final_reset.reset_out):
      scemi_dut_dut_prb_control_control_in_in_reset_uclk.read
      scemi_dut_dut_prb_control_control_in_prev_reset_uclk.read
      scemi_dut_dut_prb_control_control_in_prev_reset_uclk.write
    Reset 2 (scemi_dut_dut_prb_control_control_in_nocResetUClock.gen_rst):
      scemi_dut_dut_prb_control_control_in_ending_reset.send
  During elaboration of rule `detect_end_of_scemi_reset' at "SceMiNoC.bsv",
  line 321, column 9.
  During elaboration of `control_in' at "../SceMiSerialProbe.bsv", line 248,
  column 42.
  During elaboration of `prb_control' at "../SceMiSerialProbe.bsv", line 1753,
  column 8.
  During elaboration of `dut' at "../../scemi/ResetXactor.bsv", line 49,
  column 28.
  During elaboration of `dut' at "../../scemi/SceMiLayer.bsv", line 30, column
  18.
  During elaboration of `scemi' at
  "/home/cwz/CompArch/BSV/Bluespec-2014.07.A/lib/board_support/bluenoc/bridges/Bridge_TCP.bsv",
  line 7, column 10.
  During elaboration of `mkBridge' at
  "/home/cwz/CompArch/BSV/Bluespec-2014.07.A/lib/board_support/bluenoc/bridges/Bridge_TCP.bsv",
  line 5, column 8.
Warning: "SceMiNoC.bsv", line 316, column 9: (G0043)
  Multiple reset signals influence rule
  `scemi_dut_softrst_req_inport_detect_scemi_reset'.
  This can lead to inconsistent, non-atomic results when not all of these
  signals are asserted.
  Method calls by reset:
    Reset 1 (scemi_rstgen_final_reset.reset_out):
      scemi_dut_softrst_req_inport_in_reset_uclk.read
    Reset 2 (scemi_dut_softrst_req_inport_nocResetUClock.gen_rst):
      scemi_dut_softrst_req_inport_starting_reset.send
  During elaboration of rule `detect_scemi_reset' at "SceMiNoC.bsv", line 316,
  column 9.
  During elaboration of `inport' at "../SceMiXactors.bsv", line 251, column
  31.
  During elaboration of `req' at "../SceMiXactors.bsv", line 397, column 8.
  During elaboration of `softrst' at "../../scemi/ResetXactor.bsv", line 50,
  column 11.
  During elaboration of `dut' at "../../scemi/SceMiLayer.bsv", line 30, column
  18.
  During elaboration of `scemi' at
  "/home/cwz/CompArch/BSV/Bluespec-2014.07.A/lib/board_support/bluenoc/bridges/Bridge_TCP.bsv",
  line 7, column 10.
  During elaboration of `mkBridge' at
  "/home/cwz/CompArch/BSV/Bluespec-2014.07.A/lib/board_support/bluenoc/bridges/Bridge_TCP.bsv",
  line 5, column 8.
Warning: "SceMiNoC.bsv", line 321, column 9: (G0043)
  Multiple reset signals influence rule
  `scemi_dut_softrst_req_inport_detect_end_of_scemi_reset'.
  This can lead to inconsistent, non-atomic results when not all of these
  signals are asserted.
  Method calls by reset:
    Reset 1 (scemi_rstgen_final_reset.reset_out):
      scemi_dut_softrst_req_inport_in_reset_uclk.read
      scemi_dut_softrst_req_inport_prev_reset_uclk.read
      scemi_dut_softrst_req_inport_prev_reset_uclk.write
    Reset 2 (scemi_dut_softrst_req_inport_nocResetUClock.gen_rst):
      scemi_dut_softrst_req_inport_ending_reset.send
  During elaboration of rule `detect_end_of_scemi_reset' at "SceMiNoC.bsv",
  line 321, column 9.
  During elaboration of `inport' at "../SceMiXactors.bsv", line 251, column
  31.
  During elaboration of `req' at "../SceMiXactors.bsv", line 397, column 8.
  During elaboration of `softrst' at "../../scemi/ResetXactor.bsv", line 50,
  column 11.
  During elaboration of `dut' at "../../scemi/SceMiLayer.bsv", line 30, column
  18.
  During elaboration of `scemi' at
  "/home/cwz/CompArch/BSV/Bluespec-2014.07.A/lib/board_support/bluenoc/bridges/Bridge_TCP.bsv",
  line 7, column 10.
  During elaboration of `mkBridge' at
  "/home/cwz/CompArch/BSV/Bluespec-2014.07.A/lib/board_support/bluenoc/bridges/Bridge_TCP.bsv",
  line 5, column 8.
Warning: "SceMiNoC.bsv", line 496, column 9: (G0043)
  Multiple reset signals influence rule
  `scemi_dut_softrst_resp_outport_detect_scemi_reset'.
  This can lead to inconsistent, non-atomic results when not all of these
  signals are asserted.
  Method calls by reset:
    Reset 1 (scemi_rstgen_final_reset.reset_out):
      scemi_dut_softrst_resp_outport_in_reset_uclk.read
    Reset 2 (scemi_dut_softrst_resp_outport_nocResetUClock.gen_rst):
      scemi_dut_softrst_resp_outport_starting_reset.send
  During elaboration of rule `detect_scemi_reset' at "SceMiNoC.bsv", line 496,
  column 9.
  During elaboration of `outport' at "../SceMiXactors.bsv", line 329, column
  32.
  During elaboration of `resp' at "../SceMiXactors.bsv", line 398, column 8.
  During elaboration of `softrst' at "../../scemi/ResetXactor.bsv", line 50,
  column 11.
  During elaboration of `dut' at "../../scemi/SceMiLayer.bsv", line 30, column
  18.
  During elaboration of `scemi' at
  "/home/cwz/CompArch/BSV/Bluespec-2014.07.A/lib/board_support/bluenoc/bridges/Bridge_TCP.bsv",
  line 7, column 10.
  During elaboration of `mkBridge' at
  "/home/cwz/CompArch/BSV/Bluespec-2014.07.A/lib/board_support/bluenoc/bridges/Bridge_TCP.bsv",
  line 5, column 8.
Warning: "SceMiNoC.bsv", line 501, column 9: (G0043)
  Multiple reset signals influence rule
  `scemi_dut_softrst_resp_outport_detect_end_of_scemi_reset'.
  This can lead to inconsistent, non-atomic results when not all of these
  signals are asserted.
  Method calls by reset:
    Reset 1 (scemi_rstgen_final_reset.reset_out):
      scemi_dut_softrst_resp_outport_in_reset_uclk.read
      scemi_dut_softrst_resp_outport_prev_reset_uclk.read
      scemi_dut_softrst_resp_outport_prev_reset_uclk.write
    Reset 2 (scemi_dut_softrst_resp_outport_nocResetUClock.gen_rst):
      scemi_dut_softrst_resp_outport_ending_reset.send
  During elaboration of rule `detect_end_of_scemi_reset' at "SceMiNoC.bsv",
  line 501, column 9.
  During elaboration of `outport' at "../SceMiXactors.bsv", line 329, column
  32.
  During elaboration of `resp' at "../SceMiXactors.bsv", line 398, column 8.
  During elaboration of `softrst' at "../../scemi/ResetXactor.bsv", line 50,
  column 11.
  During elaboration of `dut' at "../../scemi/SceMiLayer.bsv", line 30, column
  18.
  During elaboration of `scemi' at
  "/home/cwz/CompArch/BSV/Bluespec-2014.07.A/lib/board_support/bluenoc/bridges/Bridge_TCP.bsv",
  line 7, column 10.
  During elaboration of `mkBridge' at
  "/home/cwz/CompArch/BSV/Bluespec-2014.07.A/lib/board_support/bluenoc/bridges/Bridge_TCP.bsv",
  line 5, column 8.
Warning: "SceMiNoC.bsv", line 316, column 9: (G0043)
  Multiple reset signals influence rule
  `scemi_imem_inport_detect_scemi_reset'.
  This can lead to inconsistent, non-atomic results when not all of these
  signals are asserted.
  Method calls by reset:
    Reset 1 (scemi_rstgen_final_reset.reset_out):
      scemi_imem_inport_in_reset_uclk.read
    Reset 2 (scemi_imem_inport_nocResetUClock.gen_rst):
      scemi_imem_inport_starting_reset.send
  During elaboration of rule `detect_scemi_reset' at "SceMiNoC.bsv", line 316,
  column 9.
  During elaboration of `inport' at "../SceMiXactors.bsv", line 251, column
  31.
  During elaboration of `imem' at "../../scemi/SceMiLayer.bsv", line 32,
  column 11.
  During elaboration of `scemi' at
  "/home/cwz/CompArch/BSV/Bluespec-2014.07.A/lib/board_support/bluenoc/bridges/Bridge_TCP.bsv",
  line 7, column 10.
  During elaboration of `mkBridge' at
  "/home/cwz/CompArch/BSV/Bluespec-2014.07.A/lib/board_support/bluenoc/bridges/Bridge_TCP.bsv",
  line 5, column 8.
Warning: "SceMiNoC.bsv", line 321, column 9: (G0043)
  Multiple reset signals influence rule
  `scemi_imem_inport_detect_end_of_scemi_reset'.
  This can lead to inconsistent, non-atomic results when not all of these
  signals are asserted.
  Method calls by reset:
    Reset 1 (scemi_rstgen_final_reset.reset_out):
      scemi_imem_inport_in_reset_uclk.read
      scemi_imem_inport_prev_reset_uclk.read
      scemi_imem_inport_prev_reset_uclk.write
    Reset 2 (scemi_imem_inport_nocResetUClock.gen_rst):
      scemi_imem_inport_ending_reset.send
  During elaboration of rule `detect_end_of_scemi_reset' at "SceMiNoC.bsv",
  line 321, column 9.
  During elaboration of `inport' at "../SceMiXactors.bsv", line 251, column
  31.
  During elaboration of `imem' at "../../scemi/SceMiLayer.bsv", line 32,
  column 11.
  During elaboration of `scemi' at
  "/home/cwz/CompArch/BSV/Bluespec-2014.07.A/lib/board_support/bluenoc/bridges/Bridge_TCP.bsv",
  line 7, column 10.
  During elaboration of `mkBridge' at
  "/home/cwz/CompArch/BSV/Bluespec-2014.07.A/lib/board_support/bluenoc/bridges/Bridge_TCP.bsv",
  line 5, column 8.
Warning: "SceMiNoC.bsv", line 316, column 9: (G0043)
  Multiple reset signals influence rule
  `scemi_dmem_inport_detect_scemi_reset'.
  This can lead to inconsistent, non-atomic results when not all of these
  signals are asserted.
  Method calls by reset:
    Reset 1 (scemi_rstgen_final_reset.reset_out):
      scemi_dmem_inport_in_reset_uclk.read
    Reset 2 (scemi_dmem_inport_nocResetUClock.gen_rst):
      scemi_dmem_inport_starting_reset.send
  During elaboration of rule `detect_scemi_reset' at "SceMiNoC.bsv", line 316,
  column 9.
  During elaboration of `inport' at "../SceMiXactors.bsv", line 251, column
  31.
  During elaboration of `dmem' at "../../scemi/SceMiLayer.bsv", line 33,
  column 11.
  During elaboration of `scemi' at
  "/home/cwz/CompArch/BSV/Bluespec-2014.07.A/lib/board_support/bluenoc/bridges/Bridge_TCP.bsv",
  line 7, column 10.
  During elaboration of `mkBridge' at
  "/home/cwz/CompArch/BSV/Bluespec-2014.07.A/lib/board_support/bluenoc/bridges/Bridge_TCP.bsv",
  line 5, column 8.
Warning: "SceMiNoC.bsv", line 321, column 9: (G0043)
  Multiple reset signals influence rule
  `scemi_dmem_inport_detect_end_of_scemi_reset'.
  This can lead to inconsistent, non-atomic results when not all of these
  signals are asserted.
  Method calls by reset:
    Reset 1 (scemi_rstgen_final_reset.reset_out):
      scemi_dmem_inport_in_reset_uclk.read
      scemi_dmem_inport_prev_reset_uclk.read
      scemi_dmem_inport_prev_reset_uclk.write
    Reset 2 (scemi_dmem_inport_nocResetUClock.gen_rst):
      scemi_dmem_inport_ending_reset.send
  During elaboration of rule `detect_end_of_scemi_reset' at "SceMiNoC.bsv",
  line 321, column 9.
  During elaboration of `inport' at "../SceMiXactors.bsv", line 251, column
  31.
  During elaboration of `dmem' at "../../scemi/SceMiLayer.bsv", line 33,
  column 11.
  During elaboration of `scemi' at
  "/home/cwz/CompArch/BSV/Bluespec-2014.07.A/lib/board_support/bluenoc/bridges/Bridge_TCP.bsv",
  line 7, column 10.
  During elaboration of `mkBridge' at
  "/home/cwz/CompArch/BSV/Bluespec-2014.07.A/lib/board_support/bluenoc/bridges/Bridge_TCP.bsv",
  line 5, column 8.
Warning: "SceMiNoC.bsv", line 496, column 9: (G0043)
  Multiple reset signals influence rule
  `scemi_tohost_get_outport_detect_scemi_reset'.
  This can lead to inconsistent, non-atomic results when not all of these
  signals are asserted.
  Method calls by reset:
    Reset 1 (scemi_rstgen_final_reset.reset_out):
      scemi_tohost_get_outport_in_reset_uclk.read
    Reset 2 (scemi_tohost_get_outport_nocResetUClock.gen_rst):
      scemi_tohost_get_outport_starting_reset.send
  During elaboration of rule `detect_scemi_reset' at "SceMiNoC.bsv", line 496,
  column 9.
  During elaboration of `outport' at "../SceMiXactors.bsv", line 329, column
  32.
  During elaboration of `get' at "../../scemi/SceMiLayer.bsv", line 46, column
  11.
  During elaboration of `tohost' at "../../scemi/SceMiLayer.bsv", line 34,
  column 11.
  During elaboration of `scemi' at
  "/home/cwz/CompArch/BSV/Bluespec-2014.07.A/lib/board_support/bluenoc/bridges/Bridge_TCP.bsv",
  line 7, column 10.
  During elaboration of `mkBridge' at
  "/home/cwz/CompArch/BSV/Bluespec-2014.07.A/lib/board_support/bluenoc/bridges/Bridge_TCP.bsv",
  line 5, column 8.
Warning: "SceMiNoC.bsv", line 501, column 9: (G0043)
  Multiple reset signals influence rule
  `scemi_tohost_get_outport_detect_end_of_scemi_reset'.
  This can lead to inconsistent, non-atomic results when not all of these
  signals are asserted.
  Method calls by reset:
    Reset 1 (scemi_rstgen_final_reset.reset_out):
      scemi_tohost_get_outport_in_reset_uclk.read
      scemi_tohost_get_outport_prev_reset_uclk.read
      scemi_tohost_get_outport_prev_reset_uclk.write
    Reset 2 (scemi_tohost_get_outport_nocResetUClock.gen_rst):
      scemi_tohost_get_outport_ending_reset.send
  During elaboration of rule `detect_end_of_scemi_reset' at "SceMiNoC.bsv",
  line 501, column 9.
  During elaboration of `outport' at "../SceMiXactors.bsv", line 329, column
  32.
  During elaboration of `get' at "../../scemi/SceMiLayer.bsv", line 46, column
  11.
  During elaboration of `tohost' at "../../scemi/SceMiLayer.bsv", line 34,
  column 11.
  During elaboration of `scemi' at
  "/home/cwz/CompArch/BSV/Bluespec-2014.07.A/lib/board_support/bluenoc/bridges/Bridge_TCP.bsv",
  line 7, column 10.
  During elaboration of `mkBridge' at
  "/home/cwz/CompArch/BSV/Bluespec-2014.07.A/lib/board_support/bluenoc/bridges/Bridge_TCP.bsv",
  line 5, column 8.
Warning: "GetPut.bs", line 337, column 9: (G0043)
  Multiple reset signals influence rule
  `scemi_tohost_get_connect_get_mkConnectionGetPut'.
  This can lead to inconsistent, non-atomic results when not all of these
  signals are asserted.
  Method calls by reset:
    Reset 1 (scemi_clk_port_rstgen_final_reset.reset_out):
      scemi_tohost_get_res_fifo.RDY_enq scemi_tohost_get_res_fifo.enq
    Reset 2 (scemi_dut_dut_dutIfc_myrst.new_rst):
      scemi_dut_dut_dutIfc_m_dut.RDY_cpuToHost at "../../src/ProcTypes.bsv", line 22, column 46,
      scemi_dut_dut_dutIfc_m_dut.cpuToHost at "../../src/ProcTypes.bsv", line 22, column 46,
  During elaboration of rule `mkConnectionGetPut' at "GetPut.bs", line 337,
  column 9.
  During elaboration of `connect_get' at "../SceMiXactors.bsv", line 342,
  column 14.
  During elaboration of `get' at "../../scemi/SceMiLayer.bsv", line 46, column
  11.
  During elaboration of `tohost' at "../../scemi/SceMiLayer.bsv", line 34,
  column 11.
  During elaboration of `scemi' at
  "/home/cwz/CompArch/BSV/Bluespec-2014.07.A/lib/board_support/bluenoc/bridges/Bridge_TCP.bsv",
  line 7, column 10.
  During elaboration of `mkBridge' at
  "/home/cwz/CompArch/BSV/Bluespec-2014.07.A/lib/board_support/bluenoc/bridges/Bridge_TCP.bsv",
  line 5, column 8.
Warning: "SceMiNoC.bsv", line 316, column 9: (G0043)
  Multiple reset signals influence rule
  `scemi_fromhost_put_inport_detect_scemi_reset'.
  This can lead to inconsistent, non-atomic results when not all of these
  signals are asserted.
  Method calls by reset:
    Reset 1 (scemi_rstgen_final_reset.reset_out):
      scemi_fromhost_put_inport_in_reset_uclk.read
    Reset 2 (scemi_fromhost_put_inport_nocResetUClock.gen_rst):
      scemi_fromhost_put_inport_starting_reset.send
  During elaboration of rule `detect_scemi_reset' at "SceMiNoC.bsv", line 316,
  column 9.
  During elaboration of `inport' at "../SceMiXactors.bsv", line 251, column
  31.
  During elaboration of `put' at "../../scemi/SceMiLayer.bsv", line 55, column
  11.
  During elaboration of `fromhost' at "../../scemi/SceMiLayer.bsv", line 35,
  column 11.
  During elaboration of `scemi' at
  "/home/cwz/CompArch/BSV/Bluespec-2014.07.A/lib/board_support/bluenoc/bridges/Bridge_TCP.bsv",
  line 7, column 10.
  During elaboration of `mkBridge' at
  "/home/cwz/CompArch/BSV/Bluespec-2014.07.A/lib/board_support/bluenoc/bridges/Bridge_TCP.bsv",
  line 5, column 8.
Warning: "SceMiNoC.bsv", line 321, column 9: (G0043)
  Multiple reset signals influence rule
  `scemi_fromhost_put_inport_detect_end_of_scemi_reset'.
  This can lead to inconsistent, non-atomic results when not all of these
  signals are asserted.
  Method calls by reset:
    Reset 1 (scemi_rstgen_final_reset.reset_out):
      scemi_fromhost_put_inport_in_reset_uclk.read
      scemi_fromhost_put_inport_prev_reset_uclk.read
      scemi_fromhost_put_inport_prev_reset_uclk.write
    Reset 2 (scemi_fromhost_put_inport_nocResetUClock.gen_rst):
      scemi_fromhost_put_inport_ending_reset.send
  During elaboration of rule `detect_end_of_scemi_reset' at "SceMiNoC.bsv",
  line 321, column 9.
  During elaboration of `inport' at "../SceMiXactors.bsv", line 251, column
  31.
  During elaboration of `put' at "../../scemi/SceMiLayer.bsv", line 55, column
  11.
  During elaboration of `fromhost' at "../../scemi/SceMiLayer.bsv", line 35,
  column 11.
  During elaboration of `scemi' at
  "/home/cwz/CompArch/BSV/Bluespec-2014.07.A/lib/board_support/bluenoc/bridges/Bridge_TCP.bsv",
  line 7, column 10.
  During elaboration of `mkBridge' at
  "/home/cwz/CompArch/BSV/Bluespec-2014.07.A/lib/board_support/bluenoc/bridges/Bridge_TCP.bsv",
  line 5, column 8.
Warning: "SceMiNoC.bsv", line 316, column 9: (G0043)
  Multiple reset signals influence rule
  `scemi_shutdown_ctrl_in_detect_scemi_reset'.
  This can lead to inconsistent, non-atomic results when not all of these
  signals are asserted.
  Method calls by reset:
    Reset 1 (scemi_rstgen_final_reset.reset_out):
      scemi_shutdown_ctrl_in_in_reset_uclk.read
    Reset 2 (scemi_shutdown_ctrl_in_nocResetUClock.gen_rst):
      scemi_shutdown_ctrl_in_starting_reset.send
  During elaboration of rule `detect_scemi_reset' at "SceMiNoC.bsv", line 316,
  column 9.
  During elaboration of `ctrl_in' at "../SceMiXactors.bsv", line 597, column
  34.
  During elaboration of `shutdown' at "../../scemi/SceMiLayer.bsv", line 37,
  column 11.
  During elaboration of `scemi' at
  "/home/cwz/CompArch/BSV/Bluespec-2014.07.A/lib/board_support/bluenoc/bridges/Bridge_TCP.bsv",
  line 7, column 10.
  During elaboration of `mkBridge' at
  "/home/cwz/CompArch/BSV/Bluespec-2014.07.A/lib/board_support/bluenoc/bridges/Bridge_TCP.bsv",
  line 5, column 8.
Warning: "SceMiNoC.bsv", line 321, column 9: (G0043)
  Multiple reset signals influence rule
  `scemi_shutdown_ctrl_in_detect_end_of_scemi_reset'.
  This can lead to inconsistent, non-atomic results when not all of these
  signals are asserted.
  Method calls by reset:
    Reset 1 (scemi_rstgen_final_reset.reset_out):
      scemi_shutdown_ctrl_in_in_reset_uclk.read
      scemi_shutdown_ctrl_in_prev_reset_uclk.read
      scemi_shutdown_ctrl_in_prev_reset_uclk.write
    Reset 2 (scemi_shutdown_ctrl_in_nocResetUClock.gen_rst):
      scemi_shutdown_ctrl_in_ending_reset.send
  During elaboration of rule `detect_end_of_scemi_reset' at "SceMiNoC.bsv",
  line 321, column 9.
  During elaboration of `ctrl_in' at "../SceMiXactors.bsv", line 597, column
  34.
  During elaboration of `shutdown' at "../../scemi/SceMiLayer.bsv", line 37,
  column 11.
  During elaboration of `scemi' at
  "/home/cwz/CompArch/BSV/Bluespec-2014.07.A/lib/board_support/bluenoc/bridges/Bridge_TCP.bsv",
  line 7, column 10.
  During elaboration of `mkBridge' at
  "/home/cwz/CompArch/BSV/Bluespec-2014.07.A/lib/board_support/bluenoc/bridges/Bridge_TCP.bsv",
  line 5, column 8.
Warning: "SceMiNoC.bsv", line 496, column 9: (G0043)
  Multiple reset signals influence rule
  `scemi_shutdown_ctrl_out_detect_scemi_reset'.
  This can lead to inconsistent, non-atomic results when not all of these
  signals are asserted.
  Method calls by reset:
    Reset 1 (scemi_rstgen_final_reset.reset_out):
      scemi_shutdown_ctrl_out_in_reset_uclk.read
    Reset 2 (scemi_shutdown_ctrl_out_nocResetUClock.gen_rst):
      scemi_shutdown_ctrl_out_starting_reset.send
  During elaboration of rule `detect_scemi_reset' at "SceMiNoC.bsv", line 496,
  column 9.
  During elaboration of `ctrl_out' at "../SceMiXactors.bsv", line 598, column
  34.
  During elaboration of `shutdown' at "../../scemi/SceMiLayer.bsv", line 37,
  column 11.
  During elaboration of `scemi' at
  "/home/cwz/CompArch/BSV/Bluespec-2014.07.A/lib/board_support/bluenoc/bridges/Bridge_TCP.bsv",
  line 7, column 10.
  During elaboration of `mkBridge' at
  "/home/cwz/CompArch/BSV/Bluespec-2014.07.A/lib/board_support/bluenoc/bridges/Bridge_TCP.bsv",
  line 5, column 8.
Warning: "SceMiNoC.bsv", line 501, column 9: (G0043)
  Multiple reset signals influence rule
  `scemi_shutdown_ctrl_out_detect_end_of_scemi_reset'.
  This can lead to inconsistent, non-atomic results when not all of these
  signals are asserted.
  Method calls by reset:
    Reset 1 (scemi_rstgen_final_reset.reset_out):
      scemi_shutdown_ctrl_out_in_reset_uclk.read
      scemi_shutdown_ctrl_out_prev_reset_uclk.read
      scemi_shutdown_ctrl_out_prev_reset_uclk.write
    Reset 2 (scemi_shutdown_ctrl_out_nocResetUClock.gen_rst):
      scemi_shutdown_ctrl_out_ending_reset.send
  During elaboration of rule `detect_end_of_scemi_reset' at "SceMiNoC.bsv",
  line 501, column 9.
  During elaboration of `ctrl_out' at "../SceMiXactors.bsv", line 598, column
  34.
  During elaboration of `shutdown' at "../../scemi/SceMiLayer.bsv", line 37,
  column 11.
  During elaboration of `scemi' at
  "/home/cwz/CompArch/BSV/Bluespec-2014.07.A/lib/board_support/bluenoc/bridges/Bridge_TCP.bsv",
  line 7, column 10.
  During elaboration of `mkBridge' at
  "/home/cwz/CompArch/BSV/Bluespec-2014.07.A/lib/board_support/bluenoc/bridges/Bridge_TCP.bsv",
  line 5, column 8.
Compilation message: "../SceMiClocks.bsv", line 103, column 13: 
(SCE-MI) Begin clock generation
Compilation message: "../SceMiClocks.bsv", line 140, column 51: 
(SCE-MI) Default clock group
(SCE-MI) Clock #0
  Numerator: 1
  Denominator: 1
  DutyHi: 0
  DutyLo: 100
  Phase: 0
  Reset Cycles: 8
(SCE-MI) Found 1 controllers for clock #0
Compilation message: "../SceMiClocks.bsv", line 210, column 16: 
(SCE-MI) Common clock time scale = 1
(SCE-MI)    Group    Clock   Period     Rise     Fall     Freq
(SCE-MI)  default        0        1         uclock      50.00 MHz
(SCE-MI) Note: clock frequencies assume 100 MHz reference clock
Compilation message: "../SceMiClocks.bsv", line 463, column 47: 
(SCE-MI) Max reset count = 16
Warning: "CommitIfc.bsv", line 68, column 12: (G0023)
  The condition for rule
  `scemi_dut_dut_prb_control_contextToPrbStr_connectData' is always false.
  Removing...
Warning: "SceMiNoC.bsv", line 1697, column 12: (G0023)
  The condition for rule `scemi_msg_sink_noc_active_decode_noc_header_8bpb' is
  always false. Removing...
Warning: "SceMiNoC.bsv", line 1814, column 15: (G0023)
  The condition for rule
  `scemi_msg_sink_noc_active_scemi1_process_outport_ack_lt4bpb' is always
  false. Removing...
Warning: "SceMiNoC.bsv", line 1956, column 9: (G0023)
  The condition for rule `scemi_msg_sink_noc_inactive' is always false.
  Removing...
Warning: "SceMiNoC.bsv", line 2183, column 9: (G0023)
  The condition for rule `scemi_msg_source_noc_inactive' is always false.
  Removing...
Warning: "SceMiNoC.bsv", line 2281, column 12: (G0023)
  The condition for rule `scemi_msg_source_noc_inactive_inports' is always
  false. Removing...
Warning: "CommitIfc.bsv", line 72, column 12: (G0023)
  The body of rule
  `scemi_dut_dut_prb_control_contextToPrbStr_connectCommitAck' has no actions.
  Removing...
Warning: "../SceMiSerialProbe.bsv", line 409, column 9: (G0023)
  The body of rule `scemi_dut_dut_prb_control_announceCclock' has no actions.
  Removing...
Warning: "MsgFormat.bsv", line 195, column 12: (G0023)
  The body of rule `scemi_never_be_ready' has no actions. Removing...
Warning: "/home/cwz/CompArch/BSV/Bluespec-2014.07.A/lib/board_support/bluenoc/bridges/Bridge_TCP.bsv", line 5, column 8: (G0010)
  Rule "scemi_dut_dut_prb_control_setSample" was treated as more urgent than
  "scemi_dut_dut_prb_control_unsetFlag". Conflicts:
    "scemi_dut_dut_prb_control_setSample" cannot fire before "scemi_dut_dut_prb_control_unsetFlag":
      calls to
	scemi_dut_dut_prb_control_enff.enq vs. scemi_dut_dut_prb_control_enff.enq
    "scemi_dut_dut_prb_control_unsetFlag" cannot fire before "scemi_dut_dut_prb_control_setSample":
      calls to
	scemi_dut_dut_prb_control_enff.enq vs. scemi_dut_dut_prb_control_enff.enq
	scemi_dut_dut_prb_control_nextSample.write vs. scemi_dut_dut_prb_control_nextSample.read
Warning: "/home/cwz/CompArch/BSV/Bluespec-2014.07.A/lib/board_support/bluenoc/bridges/Bridge_TCP.bsv", line 5, column 8: (G0010)
  Rule "scemi_dut_dut_prb_control_unsetFlag" was treated as more urgent than
  "scemi_dut_dut_prb_control_receiveTrigger". Conflicts:
    "scemi_dut_dut_prb_control_unsetFlag" cannot fire before "scemi_dut_dut_prb_control_receiveTrigger":
      calls to
	scemi_dut_dut_prb_control_enff.enq vs. scemi_dut_dut_prb_control_enff.enq
    "scemi_dut_dut_prb_control_receiveTrigger" cannot fire before "scemi_dut_dut_prb_control_unsetFlag":
      calls to
	scemi_dut_dut_prb_control_enff.enq vs. scemi_dut_dut_prb_control_enff.enq
Warning: "/home/cwz/CompArch/BSV/Bluespec-2014.07.A/lib/board_support/bluenoc/bridges/Bridge_TCP.bsv", line 5, column 8: (G0010)
  Rule "scemi_dut_dut_prb_control_receiveTrigger" was treated as more urgent
  than "scemi_dut_dut_prb_control_respondToPing". Conflicts:
    "scemi_dut_dut_prb_control_receiveTrigger" cannot fire before "scemi_dut_dut_prb_control_respondToPing":
      calls to
	scemi_init_state_msgFIFO.enq vs. scemi_init_state_msgFIFO.enq
	scemi_init_state_msgFIFO.enq vs. scemi_init_state_msgFIFO.notFull
	scemi_dut_dut_prb_control_data_out_beats._write vs. scemi_dut_dut_prb_control_data_out_beats._write
	scemi_dut_dut_prb_control_data_out_next.send vs. scemi_dut_dut_prb_control_data_out_next.send
	scemi_dut_dut_prb_control_data_out_ok.write vs. scemi_dut_dut_prb_control_data_out_ok.read
    "scemi_dut_dut_prb_control_respondToPing" cannot fire before "scemi_dut_dut_prb_control_receiveTrigger":
      calls to
	scemi_init_state_msgFIFO.enq vs. scemi_init_state_msgFIFO.enq
	scemi_init_state_msgFIFO.enq vs. scemi_init_state_msgFIFO.notFull
	scemi_dut_dut_prb_control_data_out_beats._write vs. scemi_dut_dut_prb_control_data_out_beats._write
	scemi_dut_dut_prb_control_data_out_next.send vs. scemi_dut_dut_prb_control_data_out_next.send
	scemi_dut_dut_prb_control_data_out_ok.write vs. scemi_dut_dut_prb_control_data_out_ok.read
Warning: "/home/cwz/CompArch/BSV/Bluespec-2014.07.A/lib/board_support/bluenoc/bridges/Bridge_TCP.bsv", line 5, column 8: (G0010)
  Rule "scemi_dut_dut_prb_control_receiveTrigger" was treated as more urgent
  than "scemi_dut_dut_prb_control_sendAck". Conflicts:
    "scemi_dut_dut_prb_control_receiveTrigger" cannot fire before "scemi_dut_dut_prb_control_sendAck":
      calls to
	scemi_init_state_msgFIFO.enq vs. scemi_init_state_msgFIFO.enq
	scemi_init_state_msgFIFO.enq vs. scemi_init_state_msgFIFO.notFull
	scemi_dut_dut_prb_control_data_out_beats._write vs. scemi_dut_dut_prb_control_data_out_beats._write
	scemi_dut_dut_prb_control_data_out_next.send vs. scemi_dut_dut_prb_control_data_out_next.send
	scemi_dut_dut_prb_control_data_out_ok.write vs. scemi_dut_dut_prb_control_data_out_ok.read
    "scemi_dut_dut_prb_control_sendAck" cannot fire before "scemi_dut_dut_prb_control_receiveTrigger":
      calls to
	scemi_init_state_msgFIFO.enq vs. scemi_init_state_msgFIFO.enq
	scemi_init_state_msgFIFO.enq vs. scemi_init_state_msgFIFO.notFull
	scemi_dut_dut_prb_control_data_out_beats._write vs. scemi_dut_dut_prb_control_data_out_beats._write
	scemi_dut_dut_prb_control_data_out_next.send vs. scemi_dut_dut_prb_control_data_out_next.send
	scemi_dut_dut_prb_control_data_out_ok.write vs. scemi_dut_dut_prb_control_data_out_ok.read
Warning: "/home/cwz/CompArch/BSV/Bluespec-2014.07.A/lib/board_support/bluenoc/bridges/Bridge_TCP.bsv", line 5, column 8: (G0010)
  Rule "scemi_dut_dut_prb_control_receiveMoreData" was treated as more urgent
  than "scemi_shutdown_ack". Conflicts:
    "scemi_dut_dut_prb_control_receiveMoreData" cannot fire before "scemi_shutdown_ack":
      calls to
	scemi_init_state_msgFIFO.enq vs. scemi_init_state_msgFIFO.enq
	scemi_init_state_msgFIFO.enq vs. scemi_init_state_msgFIFO.notFull
    "scemi_shutdown_ack" cannot fire before "scemi_dut_dut_prb_control_receiveMoreData":
      calls to
	scemi_init_state_msgFIFO.enq vs. scemi_init_state_msgFIFO.enq
	scemi_init_state_msgFIFO.enq vs. scemi_init_state_msgFIFO.notFull
Warning: "/home/cwz/CompArch/BSV/Bluespec-2014.07.A/lib/board_support/bluenoc/bridges/Bridge_TCP.bsv", line 5, column 8: (G0010)
  Rule "scemi_dut_dut_prb_control_receiveFirstData" was treated as more urgent
  than "scemi_shutdown_ack". Conflicts:
    "scemi_dut_dut_prb_control_receiveFirstData" cannot fire before "scemi_shutdown_ack":
      calls to
	scemi_init_state_msgFIFO.enq vs. scemi_init_state_msgFIFO.enq
	scemi_init_state_msgFIFO.enq vs. scemi_init_state_msgFIFO.notFull
    "scemi_shutdown_ack" cannot fire before "scemi_dut_dut_prb_control_receiveFirstData":
      calls to
	scemi_init_state_msgFIFO.enq vs. scemi_init_state_msgFIFO.enq
	scemi_init_state_msgFIFO.enq vs. scemi_init_state_msgFIFO.notFull
Warning: "/home/cwz/CompArch/BSV/Bluespec-2014.07.A/lib/board_support/bluenoc/bridges/Bridge_TCP.bsv", line 5, column 8: (G0010)
  Rule "scemi_dut_softrst_resp_connect_res_mkConnectionGetPut" was treated as
  more urgent than "scemi_shutdown_ack". Conflicts:
    "scemi_dut_softrst_resp_connect_res_mkConnectionGetPut" cannot fire before "scemi_shutdown_ack":
      calls to
	scemi_init_state_msgFIFO.enq vs. scemi_init_state_msgFIFO.enq
	scemi_init_state_msgFIFO.enq vs. scemi_init_state_msgFIFO.notFull
    "scemi_shutdown_ack" cannot fire before "scemi_dut_softrst_resp_connect_res_mkConnectionGetPut":
      calls to
	scemi_init_state_msgFIFO.enq vs. scemi_init_state_msgFIFO.enq
	scemi_init_state_msgFIFO.enq vs. scemi_init_state_msgFIFO.notFull
Warning: "/home/cwz/CompArch/BSV/Bluespec-2014.07.A/lib/board_support/bluenoc/bridges/Bridge_TCP.bsv", line 5, column 8: (G0010)
  Rule "scemi_tohost_get_connect_res_mkConnectionGetPut" was treated as more
  urgent than "scemi_shutdown_ack". Conflicts:
    "scemi_tohost_get_connect_res_mkConnectionGetPut" cannot fire before "scemi_shutdown_ack":
      calls to
	scemi_init_state_msgFIFO.enq vs. scemi_init_state_msgFIFO.enq
	scemi_init_state_msgFIFO.enq vs. scemi_init_state_msgFIFO.notFull
    "scemi_shutdown_ack" cannot fire before "scemi_tohost_get_connect_res_mkConnectionGetPut":
      calls to
	scemi_init_state_msgFIFO.enq vs. scemi_init_state_msgFIFO.enq
	scemi_init_state_msgFIFO.enq vs. scemi_init_state_msgFIFO.notFull
Warning: "/home/cwz/CompArch/BSV/Bluespec-2014.07.A/lib/board_support/bluenoc/bridges/Bridge_TCP.bsv", line 5, column 8: (G0036)
  Rule "scemi_dut_dut_prb_control_receiveControl" will appear to fire before
  "scemi_dut_dut_prb_control_receiveMoreData" when both fire in the same clock
  cycle, affecting:
    calls to
      scemi_dut_dut_prb_control_pinged.write vs. scemi_dut_dut_prb_control_pinged.write
Warning: "/home/cwz/CompArch/BSV/Bluespec-2014.07.A/lib/board_support/bluenoc/bridges/Bridge_TCP.bsv", line 5, column 8: (G0036)
  Rule "scemi_dut_dut_prb_control_receiveControl" will appear to fire before
  "scemi_dut_dut_prb_control_receiveFirstData" when both fire in the same
  clock cycle, affecting:
    calls to
      scemi_dut_dut_prb_control_pinged.write vs. scemi_dut_dut_prb_control_pinged.write
Warning: "/home/cwz/CompArch/BSV/Bluespec-2014.07.A/lib/board_support/bluenoc/bridges/Bridge_TCP.bsv", line 5, column 8: (G0117)
  Rule `scemi_dut_dut_prb_control_data_out_setOK' shadows the effects of
  `scemi_dut_dut_prb_control_receiveMoreData' when they execute in the same
  clock cycle. Affected method calls:
    scemi_dut_dut_prb_control_data_out_ok.write
  To silence this warning, use the `-no-warn-action-shadowing' flag.
Warning: "/home/cwz/CompArch/BSV/Bluespec-2014.07.A/lib/board_support/bluenoc/bridges/Bridge_TCP.bsv", line 5, column 8: (G0117)
  Rule `scemi_dut_dut_prb_control_data_out_setOK' shadows the effects of
  `scemi_dut_dut_prb_control_receiveFirstData' when they execute in the same
  clock cycle. Affected method calls:
    scemi_dut_dut_prb_control_data_out_ok.write
  To silence this warning, use the `-no-warn-action-shadowing' flag.
Warning: "/home/cwz/CompArch/BSV/Bluespec-2014.07.A/lib/board_support/bluenoc/bridges/Bridge_TCP.bsv", line 5, column 8: (G0117)
  Rule `scemi_dut_dut_prb_control_data_out_setOK' shadows the effects of
  `scemi_dut_dut_prb_control_receiveTrigger' when they execute in the same
  clock cycle. Affected method calls:
    scemi_dut_dut_prb_control_data_out_ok.write
  To silence this warning, use the `-no-warn-action-shadowing' flag.
Warning: "/home/cwz/CompArch/BSV/Bluespec-2014.07.A/lib/board_support/bluenoc/bridges/Bridge_TCP.bsv", line 5, column 8: (G0117)
  Rule `scemi_dut_dut_prb_control_data_out_setOK' shadows the effects of
  `scemi_dut_dut_prb_control_sendAck' when they execute in the same clock
  cycle. Affected method calls:
    scemi_dut_dut_prb_control_data_out_ok.write
  To silence this warning, use the `-no-warn-action-shadowing' flag.
Warning: "/home/cwz/CompArch/BSV/Bluespec-2014.07.A/lib/board_support/bluenoc/bridges/Bridge_TCP.bsv", line 5, column 8: (G0117)
  Rule `scemi_dut_dut_prb_control_data_out_setOK' shadows the effects of
  `scemi_dut_dut_prb_control_respondToPing' when they execute in the same
  clock cycle. Affected method calls:
    scemi_dut_dut_prb_control_data_out_ok.write
  To silence this warning, use the `-no-warn-action-shadowing' flag.
Warning: "/home/cwz/CompArch/BSV/Bluespec-2014.07.A/lib/board_support/bluenoc/bridges/Bridge_TCP.bsv", line 5, column 8: (G0117)
  Rule `scemi_dut_dut_prb_control_receiveMoreData' shadows the effects of
  `scemi_dut_dut_prb_control_receiveControl' when they execute in the same
  clock cycle. Affected method calls:
    scemi_dut_dut_prb_control_pinged.write
  To silence this warning, use the `-no-warn-action-shadowing' flag.
Warning: "/home/cwz/CompArch/BSV/Bluespec-2014.07.A/lib/board_support/bluenoc/bridges/Bridge_TCP.bsv", line 5, column 8: (G0117)
  Rule `scemi_dut_dut_prb_control_receiveFirstData' shadows the effects of
  `scemi_dut_dut_prb_control_receiveControl' when they execute in the same
  clock cycle. Affected method calls:
    scemi_dut_dut_prb_control_pinged.write
  To silence this warning, use the `-no-warn-action-shadowing' flag.
Warning: "/home/cwz/CompArch/BSV/Bluespec-2014.07.A/lib/board_support/bluenoc/bridges/Bridge_TCP.bsv", line 5, column 8: (G0117)
  Rule `scemi_shutdown_ctrl_out_setOK' shadows the effects of
  `scemi_shutdown_ack' when they execute in the same clock cycle. Affected
  method calls:
    scemi_shutdown_ctrl_out_ok.write
  To silence this warning, use the `-no-warn-action-shadowing' flag.
Warning: "/home/cwz/CompArch/BSV/Bluespec-2014.07.A/lib/board_support/bluenoc/bridges/Bridge_TCP.bsv", line 5, column 8: (G0117)
  Rule `scemi_tohost_get_outport_setOK' shadows the effects of
  `scemi_tohost_get_connect_res_mkConnectionGetPut' when they execute in the
  same clock cycle. Affected method calls:
    scemi_tohost_get_outport_ok.write
  To silence this warning, use the `-no-warn-action-shadowing' flag.
Warning: "/home/cwz/CompArch/BSV/Bluespec-2014.07.A/lib/board_support/bluenoc/bridges/Bridge_TCP.bsv", line 5, column 8: (G0117)
  Rule `scemi_dut_softrst_resp_outport_setOK' shadows the effects of
  `scemi_dut_softrst_resp_connect_res_mkConnectionGetPut' when they execute in
  the same clock cycle. Affected method calls:
    scemi_dut_softrst_resp_outport_ok.write
  To silence this warning, use the `-no-warn-action-shadowing' flag.
Warning: "/home/cwz/CompArch/BSV/Bluespec-2014.07.A/lib/board_support/bluenoc/bridges/Bridge_TCP.bsv", line 5, column 8: (G0117)
  Rule `scemi_dut_dut_prb_control_receiveControl' shadows the effects of
  `scemi_dut_dut_prb_control_respondToPing' when they execute in the same
  clock cycle. Affected method calls:
    scemi_dut_dut_prb_control_pinged.write
  To silence this warning, use the `-no-warn-action-shadowing' flag.
Warning: "/home/cwz/CompArch/BSV/Bluespec-2014.07.A/lib/board_support/bluenoc/bridges/Bridge_TCP.bsv", line 5, column 8: (G0117)
  Rule `scemi_dut_softrst_req_connect_put_mkConnectionGetPut' shadows the
  effects of `scemi_dut_dut_dutIfc_donerest' when they execute in the same
  clock cycle. Affected method calls:
    scemi_dut_dut_dutIfc_resetting.write
  To silence this warning, use the `-no-warn-action-shadowing' flag.
Elaborated Bluesim module file created: bdir_dut/mkBridge.ba
All packages are up to date.
